photo_booth/build/intermediates/manifest_merge_blame_file/debug/manifest-merger-blame-debug-report.txt
1<?xml version="1.0" encoding="utf-8"?>
2<manifest xmlns:android="http://schemas.android.com/apk/res/android"
3    package="com.rakel.he.photo_booth"
4    android:versionCode="1"
5    android:versionName="1.0" >
6
7    <uses-sdk
8        android:minSdkVersion="15"
8-->src/main/AndroidManifest.xml
9        android:targetSdkVersion="29" />
9-->src/main/AndroidManifest.xml
10
11    <uses-permission android:name="android.permission.READ_EXTERNAL_STORAGE" />
11-->src/main/AndroidManifest.xml:13:5-80
11-->src/main/AndroidManifest.xml:13:22-77
12    <uses-permission android:name="android.permission.WRITE_EXTERNAL_STORAGE" />
12-->src/main/AndroidManifest.xml:14:5-81
12-->src/main/AndroidManifest.xml:14:22-78
13    <uses-permission android:name="android.permission.CAMERA" />
13-->src/main/AndroidManifest.xml:15:5-65
13-->src/main/AndroidManifest.xml:15:22-62
14    <!--
15         Have developers add this. We don't want AUDIO permission to be auto-added to
16         apps that just want to take pictures.
17    -->
18    <!-- uses-permission android:name="android.permission.RECORD_AUDIO" / -->
19    <uses-feature
19-->[com.otaliastudios:cameraview:2.4.0] AndroidManifest.xml:19:5-21:36
20        android:name="android.hardware.camera"
20-->[com.otaliastudios:cameraview:2.4.0] AndroidManifest.xml:20:9-47
21        android:required="false" />
21-->[com.otaliastudios:cameraview:2.4.0] AndroidManifest.xml:21:9-33
22    <uses-feature
22-->[com.otaliastudios:cameraview:2.4.0] AndroidManifest.xml:22:5-24:36
23        android:name="android.hardware.camera.autofocus"
23-->[com.otaliastudios:cameraview:2.4.0] AndroidManifest.xml:23:9-57
24        android:required="false" />
24-->[com.otaliastudios:cameraview:2.4.0] AndroidManifest.xml:24:9-33
25    <uses-feature
25-->[com.otaliastudios:cameraview:2.4.0] AndroidManifest.xml:25:5-27:36
26        android:name="android.hardware.camera.front"
26-->[com.otaliastudios:cameraview:2.4.0] AndroidManifest.xml:26:9-53
27        android:required="false" />
27-->[com.otaliastudios:cameraview:2.4.0] AndroidManifest.xml:27:9-33
28    <uses-feature
28-->[com.otaliastudios:cameraview:2.4.0] AndroidManifest.xml:28:5-30:36
29        android:name="android.hardware.microphone"
29-->[com.otaliastudios:cameraview:2.4.0] AndroidManifest.xml:29:9-51
30        android:required="false" />
30-->[com.otaliastudios:cameraview:2.4.0] AndroidManifest.xml:30:9-33
31
32    <application
32-->src/main/AndroidManifest.xml:3:5-12:19
33        android:appComponentFactory="androidx.core.app.CoreComponentFactory"
33-->[androidx.core:core:1.0.1] AndroidManifest.xml:22:18-86
34        android:debuggable="true"
35        android:label="@string/app_name" >
35-->[com.truizlop.sectionedrecyclerview:library:1.2.0] AndroidManifest.xml:11:18-50
36        <activity android:name="com.rakel.he.photo_booth.view.CapturePhotoView" />
36-->src/main/AndroidManifest.xml:4:8-57
36-->src/main/AndroidManifest.xml:4:18-55
37        <activity android:name="com.rakel.he.photo_booth.view.PhotoDetailView" />
37-->src/main/AndroidManifest.xml:5:9-57
37-->src/main/AndroidManifest.xml:5:19-55
38        <activity android:name="com.rakel.he.photo_booth.view.PhotoGalleryView" >
38-->src/main/AndroidManifest.xml:6:9-11:20
38-->src/main/AndroidManifest.xml:6:19-56
39            <intent-filter>
39-->src/main/AndroidManifest.xml:7:13-10:29
40                <action android:name="android.intent.action.MAIN" />
40-->src/main/AndroidManifest.xml:8:17-69
40-->src/main/AndroidManifest.xml:8:25-66
41
42                <category android:name="android.intent.category.LAUNCHER" />
42-->src/main/AndroidManifest.xml:9:17-77
42-->src/main/AndroidManifest.xml:9:27-74
43            </intent-filter>
44        </activity>
45
46        <meta-data
46-->[com.google.android.gms:play-services-basement:17.0.0] AndroidManifest.xml:23:9-25:69
47            android:name="com.google.android.gms.version"
47-->[com.google.android.gms:play-services-basement:17.0.0] AndroidManifest.xml:24:13-58
48            android:value="@integer/google_play_services_version" />
48-->[com.google.android.gms:play-services-basement:17.0.0] AndroidManifest.xml:25:13-66
49    </application>
50
51</manifest>